2023-08-28T13:58:22.819+05:00  INFO 14772 --- [main] com.example.KunUzApplication             : Starting KunUzApplication using Java 18.0.1.1 with PID 14772 (D:\PROGRAMMING\1STAGE\OOpjava\kunUzProject\kun_uz\target\classes started by sanja in D:\PROGRAMMING\1STAGE\OOpjava\kunUzProject\kun_uz)
2023-08-28T13:58:22.823+05:00 DEBUG 14772 --- [main] com.example.KunUzApplication             : Running with Spring Boot v3.1.1, Spring v6.0.10
2023-08-28T13:58:22.824+05:00  INFO 14772 --- [main] com.example.KunUzApplication             : The following 1 profile is active: "local"
2023-08-28T13:58:24.352+05:00  INFO 14772 --- [main] .s.d.r.c.RepositoryConfigurationDelegate : Bootstrapping Spring Data JPA repositories in DEFAULT mode.
2023-08-28T13:58:24.493+05:00  INFO 14772 --- [main] .s.d.r.c.RepositoryConfigurationDelegate : Finished Spring Data repository scanning in 97 ms. Found 15 JPA repository interfaces.
2023-08-28T13:58:25.179+05:00  INFO 14772 --- [main] o.s.b.w.embedded.tomcat.TomcatWebServer  : Tomcat initialized with port(s): 8080 (http)
2023-08-28T13:58:25.188+05:00  INFO 14772 --- [main] o.apache.catalina.core.StandardService   : Starting service [Tomcat]
2023-08-28T13:58:25.189+05:00  INFO 14772 --- [main] o.apache.catalina.core.StandardEngine    : Starting Servlet engine: [Apache Tomcat/10.1.10]
2023-08-28T13:58:25.290+05:00  INFO 14772 --- [main] o.a.c.c.C.[Tomcat].[localhost].[/]       : Initializing Spring embedded WebApplicationContext
2023-08-28T13:58:25.290+05:00  INFO 14772 --- [main] w.s.c.ServletWebServerApplicationContext : Root WebApplicationContext: initialization completed in 2404 ms
2023-08-28T13:58:25.447+05:00  INFO 14772 --- [main] o.hibernate.jpa.internal.util.LogHelper  : HHH000204: Processing PersistenceUnitInfo [name: default]
2023-08-28T13:58:25.540+05:00  INFO 14772 --- [main] org.hibernate.Version                    : HHH000412: Hibernate ORM core version 6.2.5.Final
2023-08-28T13:58:25.543+05:00  INFO 14772 --- [main] org.hibernate.cfg.Environment            : HHH000406: Using bytecode reflection optimizer
2023-08-28T13:58:25.732+05:00  INFO 14772 --- [main] o.h.b.i.BytecodeProviderInitiator        : HHH000021: Bytecode provider name : bytebuddy
2023-08-28T13:58:25.867+05:00  INFO 14772 --- [main] o.s.o.j.p.SpringPersistenceUnitInfo      : No LoadTimeWeaver setup: ignoring JPA class transformer
2023-08-28T13:58:25.883+05:00  INFO 14772 --- [main] com.zaxxer.hikari.HikariDataSource       : HikariPool-1 - Starting...
2023-08-28T13:58:26.220+05:00  INFO 14772 --- [main] com.zaxxer.hikari.pool.HikariPool        : HikariPool-1 - Added connection org.postgresql.jdbc.PgConnection@37bda983
2023-08-28T13:58:26.221+05:00  INFO 14772 --- [main] com.zaxxer.hikari.HikariDataSource       : HikariPool-1 - Start completed.
2023-08-28T13:58:26.801+05:00  INFO 14772 --- [main] o.h.b.i.BytecodeProviderInitiator        : HHH000021: Bytecode provider name : bytebuddy
2023-08-28T13:58:27.764+05:00  INFO 14772 --- [main] o.h.e.t.j.p.i.JtaPlatformInitiator       : HHH000490: Using JtaPlatform implementation: [org.hibernate.engine.transaction.jta.platform.internal.NoJtaPlatform]
2023-08-28T13:58:28.176+05:00  INFO 14772 --- [main] j.LocalContainerEntityManagerFactoryBean : Initialized JPA EntityManagerFactory for persistence unit 'default'
2023-08-28T13:58:28.436+05:00  INFO 14772 --- [main] o.s.d.j.r.query.QueryEnhancerFactory     : Hibernate is in classpath; If applicable, HQL parser will be used.
2023-08-28T13:58:28.843+05:00 DEBUG 14772 --- [main] com.example.config.JWTTokenFilter        : Filter 'JWTTokenFilter' configured for use
2023-08-28T13:58:29.542+05:00  WARN 14772 --- [main] JpaBaseConfiguration$JpaWebConfiguration : spring.jpa.open-in-view is enabled by default. Therefore, database queries may be performed during view rendering. Explicitly configure spring.jpa.open-in-view to disable this warning
2023-08-28T13:58:29.868+05:00  INFO 14772 --- [main] o.s.s.web.DefaultSecurityFilterChain     : Will secure any request with [org.springframework.security.web.session.DisableEncodeUrlFilter@58fef400, org.springframework.security.web.context.request.async.WebAsyncManagerIntegrationFilter@618b147b, org.springframework.security.web.context.SecurityContextHolderFilter@10b1f9f3, org.springframework.security.web.header.HeaderWriterFilter@5afb0a4f, org.springframework.security.web.authentication.logout.LogoutFilter@78fd9a11, com.example.config.JWTTokenFilter@74832504, org.springframework.security.web.savedrequest.RequestCacheAwareFilter@51d2218e, org.springframework.security.web.servletapi.SecurityContextHolderAwareRequestFilter@366fd3cb, org.springframework.security.web.authentication.AnonymousAuthenticationFilter@2246bfd1, org.springframework.security.web.access.ExceptionTranslationFilter@348523f2, org.springframework.security.web.access.intercept.AuthorizationFilter@28322fd3]
2023-08-28T13:58:30.189+05:00  INFO 14772 --- [main] o.s.b.w.embedded.tomcat.TomcatWebServer  : Tomcat started on port(s): 8080 (http) with context path ''
2023-08-28T13:58:30.198+05:00  INFO 14772 --- [main] com.example.KunUzApplication             : Started KunUzApplication in 8.021 seconds (process running for 8.891)
2023-08-28T13:58:51.441+05:00  INFO 14772 --- [http-nio-8080-exec-1] o.a.c.c.C.[Tomcat].[localhost].[/]       : Initializing Spring DispatcherServlet 'dispatcherServlet'
2023-08-28T13:58:51.441+05:00  INFO 14772 --- [http-nio-8080-exec-1] o.s.web.servlet.DispatcherServlet        : Initializing Servlet 'dispatcherServlet'
2023-08-28T13:58:51.442+05:00  INFO 14772 --- [http-nio-8080-exec-1] o.s.web.servlet.DispatcherServlet        : Completed initialization in 1 ms
2023-08-28T14:06:38.453+05:00  INFO 14772 --- [SpringApplicationShutdownHook] j.LocalContainerEntityManagerFactoryBean : Closing JPA EntityManagerFactory for persistence unit 'default'
2023-08-28T14:06:38.455+05:00  INFO 14772 --- [SpringApplicationShutdownHook] com.zaxxer.hikari.HikariDataSource       : HikariPool-1 - Shutdown initiated...
2023-08-28T14:06:38.459+05:00  INFO 14772 --- [SpringApplicationShutdownHook] com.zaxxer.hikari.HikariDataSource       : HikariPool-1 - Shutdown completed.
2023-08-28T14:06:43.977+05:00  INFO 15276 --- [main] com.example.KunUzApplication             : Starting KunUzApplication using Java 18.0.1.1 with PID 15276 (D:\PROGRAMMING\1STAGE\OOpjava\kunUzProject\kun_uz\target\classes started by sanja in D:\PROGRAMMING\1STAGE\OOpjava\kunUzProject\kun_uz)
2023-08-28T14:06:43.978+05:00 DEBUG 15276 --- [main] com.example.KunUzApplication             : Running with Spring Boot v3.1.1, Spring v6.0.10
2023-08-28T14:06:43.979+05:00  INFO 15276 --- [main] com.example.KunUzApplication             : The following 1 profile is active: "local"
2023-08-28T14:06:44.833+05:00  INFO 15276 --- [main] .s.d.r.c.RepositoryConfigurationDelegate : Bootstrapping Spring Data JPA repositories in DEFAULT mode.
2023-08-28T14:06:44.922+05:00  INFO 15276 --- [main] .s.d.r.c.RepositoryConfigurationDelegate : Finished Spring Data repository scanning in 83 ms. Found 15 JPA repository interfaces.
2023-08-28T14:06:45.473+05:00  INFO 15276 --- [main] o.s.b.w.embedded.tomcat.TomcatWebServer  : Tomcat initialized with port(s): 8080 (http)
2023-08-28T14:06:45.480+05:00  INFO 15276 --- [main] o.apache.catalina.core.StandardService   : Starting service [Tomcat]
2023-08-28T14:06:45.481+05:00  INFO 15276 --- [main] o.apache.catalina.core.StandardEngine    : Starting Servlet engine: [Apache Tomcat/10.1.10]
2023-08-28T14:06:45.569+05:00  INFO 15276 --- [main] o.a.c.c.C.[Tomcat].[localhost].[/]       : Initializing Spring embedded WebApplicationContext
2023-08-28T14:06:45.569+05:00  INFO 15276 --- [main] w.s.c.ServletWebServerApplicationContext : Root WebApplicationContext: initialization completed in 1525 ms
2023-08-28T14:06:45.697+05:00  INFO 15276 --- [main] o.hibernate.jpa.internal.util.LogHelper  : HHH000204: Processing PersistenceUnitInfo [name: default]
2023-08-28T14:06:45.751+05:00  INFO 15276 --- [main] org.hibernate.Version                    : HHH000412: Hibernate ORM core version 6.2.5.Final
2023-08-28T14:06:45.754+05:00  INFO 15276 --- [main] org.hibernate.cfg.Environment            : HHH000406: Using bytecode reflection optimizer
2023-08-28T14:06:45.873+05:00  INFO 15276 --- [main] o.h.b.i.BytecodeProviderInitiator        : HHH000021: Bytecode provider name : bytebuddy
2023-08-28T14:06:45.992+05:00  INFO 15276 --- [main] o.s.o.j.p.SpringPersistenceUnitInfo      : No LoadTimeWeaver setup: ignoring JPA class transformer
2023-08-28T14:06:46.007+05:00  INFO 15276 --- [main] com.zaxxer.hikari.HikariDataSource       : HikariPool-1 - Starting...
2023-08-28T14:06:46.153+05:00  INFO 15276 --- [main] com.zaxxer.hikari.pool.HikariPool        : HikariPool-1 - Added connection org.postgresql.jdbc.PgConnection@722b2728
2023-08-28T14:06:46.155+05:00  INFO 15276 --- [main] com.zaxxer.hikari.HikariDataSource       : HikariPool-1 - Start completed.
2023-08-28T14:06:46.511+05:00  INFO 15276 --- [main] o.h.b.i.BytecodeProviderInitiator        : HHH000021: Bytecode provider name : bytebuddy
2023-08-28T14:06:47.371+05:00  INFO 15276 --- [main] o.h.e.t.j.p.i.JtaPlatformInitiator       : HHH000490: Using JtaPlatform implementation: [org.hibernate.engine.transaction.jta.platform.internal.NoJtaPlatform]
2023-08-28T14:06:47.627+05:00  INFO 15276 --- [main] j.LocalContainerEntityManagerFactoryBean : Initialized JPA EntityManagerFactory for persistence unit 'default'
2023-08-28T14:06:47.847+05:00  INFO 15276 --- [main] o.s.d.j.r.query.QueryEnhancerFactory     : Hibernate is in classpath; If applicable, HQL parser will be used.
2023-08-28T14:06:48.195+05:00 DEBUG 15276 --- [main] com.example.config.JWTTokenFilter        : Filter 'JWTTokenFilter' configured for use
2023-08-28T14:06:48.871+05:00  WARN 15276 --- [main] JpaBaseConfiguration$JpaWebConfiguration : spring.jpa.open-in-view is enabled by default. Therefore, database queries may be performed during view rendering. Explicitly configure spring.jpa.open-in-view to disable this warning
2023-08-28T14:06:49.183+05:00  INFO 15276 --- [main] o.s.s.web.DefaultSecurityFilterChain     : Will secure any request with [org.springframework.security.web.session.DisableEncodeUrlFilter@5e147821, org.springframework.security.web.context.request.async.WebAsyncManagerIntegrationFilter@e73787, org.springframework.security.web.context.SecurityContextHolderFilter@70fe15d, org.springframework.security.web.header.HeaderWriterFilter@7df09f55, org.springframework.security.web.authentication.logout.LogoutFilter@41737438, com.example.config.JWTTokenFilter@71cdde0c, org.springframework.security.web.savedrequest.RequestCacheAwareFilter@36f807f5, org.springframework.security.web.servletapi.SecurityContextHolderAwareRequestFilter@352b4cf, org.springframework.security.web.authentication.AnonymousAuthenticationFilter@395065af, org.springframework.security.web.access.ExceptionTranslationFilter@3e7ac200, org.springframework.security.web.access.intercept.AuthorizationFilter@5621119d]
2023-08-28T14:06:49.496+05:00  INFO 15276 --- [main] o.s.b.w.embedded.tomcat.TomcatWebServer  : Tomcat started on port(s): 8080 (http) with context path ''
2023-08-28T14:06:49.504+05:00  INFO 15276 --- [main] com.example.KunUzApplication             : Started KunUzApplication in 5.927 seconds (process running for 6.534)
2023-08-28T14:07:18.742+05:00  INFO 15276 --- [http-nio-8080-exec-1] o.a.c.c.C.[Tomcat].[localhost].[/]       : Initializing Spring DispatcherServlet 'dispatcherServlet'
2023-08-28T14:07:18.743+05:00  INFO 15276 --- [http-nio-8080-exec-1] o.s.web.servlet.DispatcherServlet        : Initializing Servlet 'dispatcherServlet'
2023-08-28T14:07:18.745+05:00  INFO 15276 --- [http-nio-8080-exec-1] o.s.web.servlet.DispatcherServlet        : Completed initialization in 1 ms
2023-08-28T15:51:44.778+05:00  INFO 15276 --- [SpringApplicationShutdownHook] j.LocalContainerEntityManagerFactoryBean : Closing JPA EntityManagerFactory for persistence unit 'default'
2023-08-28T15:51:44.782+05:00  INFO 15276 --- [SpringApplicationShutdownHook] com.zaxxer.hikari.HikariDataSource       : HikariPool-1 - Shutdown initiated...
2023-08-28T15:51:44.785+05:00  INFO 15276 --- [SpringApplicationShutdownHook] com.zaxxer.hikari.HikariDataSource       : HikariPool-1 - Shutdown completed.
