2023-09-04T21:48:37.597+05:00  INFO 16380 --- [main] c.e.repository.ArticleRepositoryTest     : Starting ArticleRepositoryTest using Java 18.0.1.1 with PID 16380 (started by sanja in D:\PROGRAMMING\1STAGE\OOpjava\kunUzProject\kun_uz)
2023-09-04T21:48:37.602+05:00 DEBUG 16380 --- [main] c.e.repository.ArticleRepositoryTest     : Running with Spring Boot v3.1.1, Spring v6.0.10
2023-09-04T21:48:37.603+05:00  INFO 16380 --- [main] c.e.repository.ArticleRepositoryTest     : The following 1 profile is active: "local"
2023-09-04T21:48:38.868+05:00  INFO 16380 --- [main] .s.d.r.c.RepositoryConfigurationDelegate : Bootstrapping Spring Data JPA repositories in DEFAULT mode.
2023-09-04T21:48:38.997+05:00  INFO 16380 --- [main] .s.d.r.c.RepositoryConfigurationDelegate : Finished Spring Data repository scanning in 120 ms. Found 15 JPA repository interfaces.
2023-09-04T21:48:39.492+05:00  INFO 16380 --- [main] o.hibernate.jpa.internal.util.LogHelper  : HHH000204: Processing PersistenceUnitInfo [name: default]
2023-09-04T21:48:39.562+05:00  INFO 16380 --- [main] org.hibernate.Version                    : HHH000412: Hibernate ORM core version 6.2.5.Final
2023-09-04T21:48:39.564+05:00  INFO 16380 --- [main] org.hibernate.cfg.Environment            : HHH000406: Using bytecode reflection optimizer
2023-09-04T21:48:39.784+05:00  INFO 16380 --- [main] o.h.b.i.BytecodeProviderInitiator        : HHH000021: Bytecode provider name : bytebuddy
2023-09-04T21:48:39.907+05:00  INFO 16380 --- [main] o.s.o.j.p.SpringPersistenceUnitInfo      : No LoadTimeWeaver setup: ignoring JPA class transformer
2023-09-04T21:48:39.932+05:00  INFO 16380 --- [main] com.zaxxer.hikari.HikariDataSource       : HikariPool-1 - Starting...
2023-09-04T21:48:40.159+05:00  INFO 16380 --- [main] com.zaxxer.hikari.pool.HikariPool        : HikariPool-1 - Added connection org.postgresql.jdbc.PgConnection@340cb97f
2023-09-04T21:48:40.161+05:00  INFO 16380 --- [main] com.zaxxer.hikari.HikariDataSource       : HikariPool-1 - Start completed.
2023-09-04T21:48:40.824+05:00  INFO 16380 --- [main] o.h.b.i.BytecodeProviderInitiator        : HHH000021: Bytecode provider name : bytebuddy
2023-09-04T21:48:41.953+05:00  INFO 16380 --- [main] o.h.e.t.j.p.i.JtaPlatformInitiator       : HHH000490: Using JtaPlatform implementation: [org.hibernate.engine.transaction.jta.platform.internal.NoJtaPlatform]
2023-09-04T21:48:42.593+05:00  INFO 16380 --- [main] j.LocalContainerEntityManagerFactoryBean : Initialized JPA EntityManagerFactory for persistence unit 'default'
2023-09-04T21:48:43.223+05:00  INFO 16380 --- [main] o.s.d.j.r.query.QueryEnhancerFactory     : Hibernate is in classpath; If applicable, HQL parser will be used.
2023-09-04T21:48:44.019+05:00  INFO 16380 --- [main] c.e.repository.ArticleRepositoryTest     : Started ArticleRepositoryTest in 7.007 seconds (process running for 8.528)
2023-09-04T21:48:44.616+05:00  INFO 16380 --- [SpringApplicationShutdownHook] j.LocalContainerEntityManagerFactoryBean : Closing JPA EntityManagerFactory for persistence unit 'default'
2023-09-04T21:48:44.619+05:00  INFO 16380 --- [SpringApplicationShutdownHook] com.zaxxer.hikari.HikariDataSource       : HikariPool-1 - Shutdown initiated...
2023-09-04T21:48:44.623+05:00  INFO 16380 --- [SpringApplicationShutdownHook] com.zaxxer.hikari.HikariDataSource       : HikariPool-1 - Shutdown completed.
2023-09-04T21:49:30.964+05:00  INFO 1376 --- [main] c.e.repository.ArticleRepositoryTest     : Starting ArticleRepositoryTest using Java 18.0.1.1 with PID 1376 (started by sanja in D:\PROGRAMMING\1STAGE\OOpjava\kunUzProject\kun_uz)
2023-09-04T21:49:30.966+05:00 DEBUG 1376 --- [main] c.e.repository.ArticleRepositoryTest     : Running with Spring Boot v3.1.1, Spring v6.0.10
2023-09-04T21:49:30.967+05:00  INFO 1376 --- [main] c.e.repository.ArticleRepositoryTest     : The following 1 profile is active: "local"
2023-09-04T21:49:31.597+05:00  INFO 1376 --- [main] .s.d.r.c.RepositoryConfigurationDelegate : Bootstrapping Spring Data JPA repositories in DEFAULT mode.
2023-09-04T21:49:31.737+05:00  INFO 1376 --- [main] .s.d.r.c.RepositoryConfigurationDelegate : Finished Spring Data repository scanning in 129 ms. Found 15 JPA repository interfaces.
2023-09-04T21:49:32.248+05:00  INFO 1376 --- [main] o.hibernate.jpa.internal.util.LogHelper  : HHH000204: Processing PersistenceUnitInfo [name: default]
2023-09-04T21:49:32.309+05:00  INFO 1376 --- [main] org.hibernate.Version                    : HHH000412: Hibernate ORM core version 6.2.5.Final
2023-09-04T21:49:32.312+05:00  INFO 1376 --- [main] org.hibernate.cfg.Environment            : HHH000406: Using bytecode reflection optimizer
2023-09-04T21:49:32.519+05:00  INFO 1376 --- [main] o.h.b.i.BytecodeProviderInitiator        : HHH000021: Bytecode provider name : bytebuddy
2023-09-04T21:49:32.651+05:00  INFO 1376 --- [main] o.s.o.j.p.SpringPersistenceUnitInfo      : No LoadTimeWeaver setup: ignoring JPA class transformer
2023-09-04T21:49:32.667+05:00  INFO 1376 --- [main] com.zaxxer.hikari.HikariDataSource       : HikariPool-1 - Starting...
2023-09-04T21:49:32.924+05:00  INFO 1376 --- [main] com.zaxxer.hikari.pool.HikariPool        : HikariPool-1 - Added connection org.postgresql.jdbc.PgConnection@26c8b296
2023-09-04T21:49:32.926+05:00  INFO 1376 --- [main] com.zaxxer.hikari.HikariDataSource       : HikariPool-1 - Start completed.
2023-09-04T21:49:33.449+05:00  INFO 1376 --- [main] o.h.b.i.BytecodeProviderInitiator        : HHH000021: Bytecode provider name : bytebuddy
2023-09-04T21:49:34.536+05:00  INFO 1376 --- [main] o.h.e.t.j.p.i.JtaPlatformInitiator       : HHH000490: Using JtaPlatform implementation: [org.hibernate.engine.transaction.jta.platform.internal.NoJtaPlatform]
2023-09-04T21:49:34.993+05:00  INFO 1376 --- [main] j.LocalContainerEntityManagerFactoryBean : Initialized JPA EntityManagerFactory for persistence unit 'default'
2023-09-04T21:49:35.472+05:00  INFO 1376 --- [main] o.s.d.j.r.query.QueryEnhancerFactory     : Hibernate is in classpath; If applicable, HQL parser will be used.
2023-09-04T21:49:36.286+05:00  INFO 1376 --- [main] c.e.repository.ArticleRepositoryTest     : Started ArticleRepositoryTest in 5.763 seconds (process running for 6.945)
2023-09-04T21:49:37.197+05:00  INFO 1376 --- [SpringApplicationShutdownHook] j.LocalContainerEntityManagerFactoryBean : Closing JPA EntityManagerFactory for persistence unit 'default'
2023-09-04T21:49:37.201+05:00  INFO 1376 --- [SpringApplicationShutdownHook] com.zaxxer.hikari.HikariDataSource       : HikariPool-1 - Shutdown initiated...
2023-09-04T21:49:37.207+05:00  INFO 1376 --- [SpringApplicationShutdownHook] com.zaxxer.hikari.HikariDataSource       : HikariPool-1 - Shutdown completed.
2023-09-04T21:51:04.583+05:00  INFO 8324 --- [main] c.e.repository.ArticleRepositoryTest     : Starting ArticleRepositoryTest using Java 18.0.1.1 with PID 8324 (started by sanja in D:\PROGRAMMING\1STAGE\OOpjava\kunUzProject\kun_uz)
2023-09-04T21:51:04.584+05:00 DEBUG 8324 --- [main] c.e.repository.ArticleRepositoryTest     : Running with Spring Boot v3.1.1, Spring v6.0.10
2023-09-04T21:51:04.585+05:00  INFO 8324 --- [main] c.e.repository.ArticleRepositoryTest     : The following 1 profile is active: "local"
2023-09-04T21:51:05.203+05:00  INFO 8324 --- [main] .s.d.r.c.RepositoryConfigurationDelegate : Bootstrapping Spring Data JPA repositories in DEFAULT mode.
2023-09-04T21:51:05.361+05:00  INFO 8324 --- [main] .s.d.r.c.RepositoryConfigurationDelegate : Finished Spring Data repository scanning in 146 ms. Found 15 JPA repository interfaces.
2023-09-04T21:51:05.904+05:00  INFO 8324 --- [main] o.hibernate.jpa.internal.util.LogHelper  : HHH000204: Processing PersistenceUnitInfo [name: default]
2023-09-04T21:51:05.991+05:00  INFO 8324 --- [main] org.hibernate.Version                    : HHH000412: Hibernate ORM core version 6.2.5.Final
2023-09-04T21:51:05.996+05:00  INFO 8324 --- [main] org.hibernate.cfg.Environment            : HHH000406: Using bytecode reflection optimizer
2023-09-04T21:51:06.236+05:00  INFO 8324 --- [main] o.h.b.i.BytecodeProviderInitiator        : HHH000021: Bytecode provider name : bytebuddy
2023-09-04T21:51:06.447+05:00  INFO 8324 --- [main] o.s.o.j.p.SpringPersistenceUnitInfo      : No LoadTimeWeaver setup: ignoring JPA class transformer
2023-09-04T21:51:06.473+05:00  INFO 8324 --- [main] com.zaxxer.hikari.HikariDataSource       : HikariPool-1 - Starting...
2023-09-04T21:51:06.761+05:00  INFO 8324 --- [main] com.zaxxer.hikari.pool.HikariPool        : HikariPool-1 - Added connection org.postgresql.jdbc.PgConnection@5ec88f9e
2023-09-04T21:51:06.764+05:00  INFO 8324 --- [main] com.zaxxer.hikari.HikariDataSource       : HikariPool-1 - Start completed.
2023-09-04T21:51:07.264+05:00  INFO 8324 --- [main] o.h.b.i.BytecodeProviderInitiator        : HHH000021: Bytecode provider name : bytebuddy
2023-09-04T21:51:08.296+05:00  INFO 8324 --- [main] o.h.e.t.j.p.i.JtaPlatformInitiator       : HHH000490: Using JtaPlatform implementation: [org.hibernate.engine.transaction.jta.platform.internal.NoJtaPlatform]
2023-09-04T21:51:08.789+05:00  INFO 8324 --- [main] j.LocalContainerEntityManagerFactoryBean : Initialized JPA EntityManagerFactory for persistence unit 'default'
2023-09-04T21:51:09.311+05:00  INFO 8324 --- [main] o.s.d.j.r.query.QueryEnhancerFactory     : Hibernate is in classpath; If applicable, HQL parser will be used.
2023-09-04T21:51:10.183+05:00  INFO 8324 --- [main] c.e.repository.ArticleRepositoryTest     : Started ArticleRepositoryTest in 6.07 seconds (process running for 7.328)
2023-09-04T21:51:10.729+05:00  INFO 8324 --- [SpringApplicationShutdownHook] j.LocalContainerEntityManagerFactoryBean : Closing JPA EntityManagerFactory for persistence unit 'default'
2023-09-04T21:51:10.732+05:00  INFO 8324 --- [SpringApplicationShutdownHook] com.zaxxer.hikari.HikariDataSource       : HikariPool-1 - Shutdown initiated...
2023-09-04T21:51:10.737+05:00  INFO 8324 --- [SpringApplicationShutdownHook] com.zaxxer.hikari.HikariDataSource       : HikariPool-1 - Shutdown completed.
2023-09-04T21:52:03.017+05:00  INFO 9816 --- [main] c.e.repository.ArticleRepositoryTest     : Starting ArticleRepositoryTest using Java 18.0.1.1 with PID 9816 (started by sanja in D:\PROGRAMMING\1STAGE\OOpjava\kunUzProject\kun_uz)
2023-09-04T21:52:03.018+05:00 DEBUG 9816 --- [main] c.e.repository.ArticleRepositoryTest     : Running with Spring Boot v3.1.1, Spring v6.0.10
2023-09-04T21:52:03.018+05:00  INFO 9816 --- [main] c.e.repository.ArticleRepositoryTest     : The following 1 profile is active: "local"
2023-09-04T21:52:03.644+05:00  INFO 9816 --- [main] .s.d.r.c.RepositoryConfigurationDelegate : Bootstrapping Spring Data JPA repositories in DEFAULT mode.
2023-09-04T21:52:03.776+05:00  INFO 9816 --- [main] .s.d.r.c.RepositoryConfigurationDelegate : Finished Spring Data repository scanning in 124 ms. Found 15 JPA repository interfaces.
2023-09-04T21:52:04.341+05:00  INFO 9816 --- [main] o.hibernate.jpa.internal.util.LogHelper  : HHH000204: Processing PersistenceUnitInfo [name: default]
2023-09-04T21:52:04.405+05:00  INFO 9816 --- [main] org.hibernate.Version                    : HHH000412: Hibernate ORM core version 6.2.5.Final
2023-09-04T21:52:04.408+05:00  INFO 9816 --- [main] org.hibernate.cfg.Environment            : HHH000406: Using bytecode reflection optimizer
2023-09-04T21:52:04.622+05:00  INFO 9816 --- [main] o.h.b.i.BytecodeProviderInitiator        : HHH000021: Bytecode provider name : bytebuddy
2023-09-04T21:52:04.755+05:00  INFO 9816 --- [main] o.s.o.j.p.SpringPersistenceUnitInfo      : No LoadTimeWeaver setup: ignoring JPA class transformer
2023-09-04T21:52:04.774+05:00  INFO 9816 --- [main] com.zaxxer.hikari.HikariDataSource       : HikariPool-1 - Starting...
2023-09-04T21:52:05.060+05:00  INFO 9816 --- [main] com.zaxxer.hikari.pool.HikariPool        : HikariPool-1 - Added connection org.postgresql.jdbc.PgConnection@756b2d90
2023-09-04T21:52:05.062+05:00  INFO 9816 --- [main] com.zaxxer.hikari.HikariDataSource       : HikariPool-1 - Start completed.
2023-09-04T21:52:05.558+05:00  INFO 9816 --- [main] o.h.b.i.BytecodeProviderInitiator        : HHH000021: Bytecode provider name : bytebuddy
2023-09-04T21:52:06.625+05:00  INFO 9816 --- [main] o.h.e.t.j.p.i.JtaPlatformInitiator       : HHH000490: Using JtaPlatform implementation: [org.hibernate.engine.transaction.jta.platform.internal.NoJtaPlatform]
2023-09-04T21:52:07.130+05:00  INFO 9816 --- [main] j.LocalContainerEntityManagerFactoryBean : Initialized JPA EntityManagerFactory for persistence unit 'default'
2023-09-04T21:52:07.677+05:00  INFO 9816 --- [main] o.s.d.j.r.query.QueryEnhancerFactory     : Hibernate is in classpath; If applicable, HQL parser will be used.
2023-09-04T21:52:08.465+05:00  INFO 9816 --- [main] c.e.repository.ArticleRepositoryTest     : Started ArticleRepositoryTest in 5.906 seconds (process running for 7.075)
2023-09-04T21:52:09.319+05:00  INFO 9816 --- [SpringApplicationShutdownHook] j.LocalContainerEntityManagerFactoryBean : Closing JPA EntityManagerFactory for persistence unit 'default'
2023-09-04T21:52:09.321+05:00  INFO 9816 --- [SpringApplicationShutdownHook] com.zaxxer.hikari.HikariDataSource       : HikariPool-1 - Shutdown initiated...
2023-09-04T21:52:09.324+05:00  INFO 9816 --- [SpringApplicationShutdownHook] com.zaxxer.hikari.HikariDataSource       : HikariPool-1 - Shutdown completed.
2023-09-04T21:53:31.179+05:00  INFO 2436 --- [main] c.e.repository.ArticleRepositoryTest     : Starting ArticleRepositoryTest using Java 18.0.1.1 with PID 2436 (started by sanja in D:\PROGRAMMING\1STAGE\OOpjava\kunUzProject\kun_uz)
2023-09-04T21:53:31.180+05:00 DEBUG 2436 --- [main] c.e.repository.ArticleRepositoryTest     : Running with Spring Boot v3.1.1, Spring v6.0.10
2023-09-04T21:53:31.182+05:00  INFO 2436 --- [main] c.e.repository.ArticleRepositoryTest     : The following 1 profile is active: "local"
2023-09-04T21:53:31.736+05:00  INFO 2436 --- [main] .s.d.r.c.RepositoryConfigurationDelegate : Bootstrapping Spring Data JPA repositories in DEFAULT mode.
2023-09-04T21:53:31.859+05:00  INFO 2436 --- [main] .s.d.r.c.RepositoryConfigurationDelegate : Finished Spring Data repository scanning in 112 ms. Found 15 JPA repository interfaces.
2023-09-04T21:53:32.338+05:00  INFO 2436 --- [main] o.hibernate.jpa.internal.util.LogHelper  : HHH000204: Processing PersistenceUnitInfo [name: default]
2023-09-04T21:53:32.395+05:00  INFO 2436 --- [main] org.hibernate.Version                    : HHH000412: Hibernate ORM core version 6.2.5.Final
2023-09-04T21:53:32.397+05:00  INFO 2436 --- [main] org.hibernate.cfg.Environment            : HHH000406: Using bytecode reflection optimizer
2023-09-04T21:53:32.402+05:00  WARN 2436 --- [main] org.hibernate.orm.deprecation            : HHH90000021: Encountered deprecated setting [javax.persistence.validation.mode], use [jakarta.persistence.validation.mode] instead
2023-09-04T21:53:32.603+05:00  INFO 2436 --- [main] o.h.b.i.BytecodeProviderInitiator        : HHH000021: Bytecode provider name : bytebuddy
2023-09-04T21:53:32.729+05:00  INFO 2436 --- [main] o.s.o.j.p.SpringPersistenceUnitInfo      : No LoadTimeWeaver setup: ignoring JPA class transformer
2023-09-04T21:53:32.745+05:00  INFO 2436 --- [main] com.zaxxer.hikari.HikariDataSource       : HikariPool-1 - Starting...
2023-09-04T21:53:32.990+05:00  INFO 2436 --- [main] com.zaxxer.hikari.pool.HikariPool        : HikariPool-1 - Added connection org.postgresql.jdbc.PgConnection@1b37fbec
2023-09-04T21:53:32.994+05:00  INFO 2436 --- [main] com.zaxxer.hikari.HikariDataSource       : HikariPool-1 - Start completed.
2023-09-04T21:53:33.505+05:00  INFO 2436 --- [main] o.h.b.i.BytecodeProviderInitiator        : HHH000021: Bytecode provider name : bytebuddy
2023-09-04T21:53:34.649+05:00  INFO 2436 --- [main] o.h.e.t.j.p.i.JtaPlatformInitiator       : HHH000490: Using JtaPlatform implementation: [org.hibernate.engine.transaction.jta.platform.internal.NoJtaPlatform]
2023-09-04T21:53:35.228+05:00  INFO 2436 --- [main] j.LocalContainerEntityManagerFactoryBean : Initialized JPA EntityManagerFactory for persistence unit 'default'
2023-09-04T21:53:35.743+05:00  INFO 2436 --- [main] o.s.d.j.r.query.QueryEnhancerFactory     : Hibernate is in classpath; If applicable, HQL parser will be used.
2023-09-04T21:53:36.726+05:00  INFO 2436 --- [main] c.e.repository.ArticleRepositoryTest     : Started ArticleRepositoryTest in 6.008 seconds (process running for 7.166)
2023-09-04T21:53:37.362+05:00  INFO 2436 --- [SpringApplicationShutdownHook] j.LocalContainerEntityManagerFactoryBean : Closing JPA EntityManagerFactory for persistence unit 'default'
2023-09-04T21:53:37.365+05:00  INFO 2436 --- [SpringApplicationShutdownHook] com.zaxxer.hikari.HikariDataSource       : HikariPool-1 - Shutdown initiated...
2023-09-04T21:53:37.373+05:00  INFO 2436 --- [SpringApplicationShutdownHook] com.zaxxer.hikari.HikariDataSource       : HikariPool-1 - Shutdown completed.
2023-09-04T21:55:50.217+05:00  INFO 14340 --- [main] c.e.repository.ArticleRepositoryTest     : Starting ArticleRepositoryTest using Java 18.0.1.1 with PID 14340 (started by sanja in D:\PROGRAMMING\1STAGE\OOpjava\kunUzProject\kun_uz)
2023-09-04T21:55:50.218+05:00 DEBUG 14340 --- [main] c.e.repository.ArticleRepositoryTest     : Running with Spring Boot v3.1.1, Spring v6.0.10
2023-09-04T21:55:50.219+05:00  INFO 14340 --- [main] c.e.repository.ArticleRepositoryTest     : The following 1 profile is active: "local"
2023-09-04T21:55:50.867+05:00  INFO 14340 --- [main] .s.d.r.c.RepositoryConfigurationDelegate : Bootstrapping Spring Data JPA repositories in DEFAULT mode.
2023-09-04T21:55:51.016+05:00  INFO 14340 --- [main] .s.d.r.c.RepositoryConfigurationDelegate : Finished Spring Data repository scanning in 138 ms. Found 15 JPA repository interfaces.
2023-09-04T21:55:51.528+05:00  INFO 14340 --- [main] o.hibernate.jpa.internal.util.LogHelper  : HHH000204: Processing PersistenceUnitInfo [name: default]
2023-09-04T21:55:51.586+05:00  INFO 14340 --- [main] org.hibernate.Version                    : HHH000412: Hibernate ORM core version 6.2.5.Final
2023-09-04T21:55:51.588+05:00  INFO 14340 --- [main] org.hibernate.cfg.Environment            : HHH000406: Using bytecode reflection optimizer
2023-09-04T21:55:51.593+05:00  WARN 14340 --- [main] org.hibernate.orm.deprecation            : HHH90000021: Encountered deprecated setting [javax.persistence.validation.mode], use [jakarta.persistence.validation.mode] instead
2023-09-04T21:55:51.801+05:00  INFO 14340 --- [main] o.h.b.i.BytecodeProviderInitiator        : HHH000021: Bytecode provider name : bytebuddy
2023-09-04T21:55:51.940+05:00  INFO 14340 --- [main] o.s.o.j.p.SpringPersistenceUnitInfo      : No LoadTimeWeaver setup: ignoring JPA class transformer
2023-09-04T21:55:51.968+05:00  INFO 14340 --- [main] com.zaxxer.hikari.HikariDataSource       : HikariPool-1 - Starting...
2023-09-04T21:55:52.268+05:00  INFO 14340 --- [main] com.zaxxer.hikari.pool.HikariPool        : HikariPool-1 - Added connection org.postgresql.jdbc.PgConnection@340cb97f
2023-09-04T21:55:52.279+05:00  INFO 14340 --- [main] com.zaxxer.hikari.HikariDataSource       : HikariPool-1 - Start completed.
2023-09-04T21:55:52.798+05:00  INFO 14340 --- [main] o.h.b.i.BytecodeProviderInitiator        : HHH000021: Bytecode provider name : bytebuddy
2023-09-04T21:55:53.768+05:00  INFO 14340 --- [main] o.h.e.t.j.p.i.JtaPlatformInitiator       : HHH000490: Using JtaPlatform implementation: [org.hibernate.engine.transaction.jta.platform.internal.NoJtaPlatform]
2023-09-04T21:55:54.170+05:00  INFO 14340 --- [main] j.LocalContainerEntityManagerFactoryBean : Initialized JPA EntityManagerFactory for persistence unit 'default'
2023-09-04T21:55:54.596+05:00  INFO 14340 --- [main] o.s.d.j.r.query.QueryEnhancerFactory     : Hibernate is in classpath; If applicable, HQL parser will be used.
2023-09-04T21:55:55.480+05:00  INFO 14340 --- [main] c.e.repository.ArticleRepositoryTest     : Started ArticleRepositoryTest in 5.712 seconds (process running for 6.913)
2023-09-04T21:55:56.346+05:00  INFO 14340 --- [SpringApplicationShutdownHook] j.LocalContainerEntityManagerFactoryBean : Closing JPA EntityManagerFactory for persistence unit 'default'
2023-09-04T21:55:56.348+05:00  INFO 14340 --- [SpringApplicationShutdownHook] com.zaxxer.hikari.HikariDataSource       : HikariPool-1 - Shutdown initiated...
2023-09-04T21:55:56.352+05:00  INFO 14340 --- [SpringApplicationShutdownHook] com.zaxxer.hikari.HikariDataSource       : HikariPool-1 - Shutdown completed.
