2023-08-15T15:20:59.025+05:00  INFO 9640 --- [main] com.example.KunUzApplication             : Starting KunUzApplication using Java 18.0.1.1 with PID 9640 (D:\PROGRAMMING\1STAGE\OOpjava\kunUzProject\kun_uz\target\classes started by sanja in D:\PROGRAMMING\1STAGE\OOpjava\kunUzProject\kun_uz)
2023-08-15T15:20:59.026+05:00 DEBUG 9640 --- [main] com.example.KunUzApplication             : Running with Spring Boot v3.1.1, Spring v6.0.10
2023-08-15T15:20:59.027+05:00  INFO 9640 --- [main] com.example.KunUzApplication             : The following 1 profile is active: "local"
2023-08-15T15:20:59.762+05:00  INFO 9640 --- [main] .s.d.r.c.RepositoryConfigurationDelegate : Bootstrapping Spring Data JPA repositories in DEFAULT mode.
2023-08-15T15:20:59.869+05:00  INFO 9640 --- [main] .s.d.r.c.RepositoryConfigurationDelegate : Finished Spring Data repository scanning in 97 ms. Found 15 JPA repository interfaces.
2023-08-15T15:21:00.427+05:00  INFO 9640 --- [main] o.s.b.w.embedded.tomcat.TomcatWebServer  : Tomcat initialized with port(s): 8080 (http)
2023-08-15T15:21:00.434+05:00  INFO 9640 --- [main] o.apache.catalina.core.StandardService   : Starting service [Tomcat]
2023-08-15T15:21:00.434+05:00  INFO 9640 --- [main] o.apache.catalina.core.StandardEngine    : Starting Servlet engine: [Apache Tomcat/10.1.10]
2023-08-15T15:21:00.515+05:00  INFO 9640 --- [main] o.a.c.c.C.[Tomcat].[localhost].[/]       : Initializing Spring embedded WebApplicationContext
2023-08-15T15:21:00.516+05:00  INFO 9640 --- [main] w.s.c.ServletWebServerApplicationContext : Root WebApplicationContext: initialization completed in 1440 ms
2023-08-15T15:21:00.653+05:00  INFO 9640 --- [main] o.hibernate.jpa.internal.util.LogHelper  : HHH000204: Processing PersistenceUnitInfo [name: default]
2023-08-15T15:21:00.716+05:00  INFO 9640 --- [main] org.hibernate.Version                    : HHH000412: Hibernate ORM core version 6.2.5.Final
2023-08-15T15:21:00.718+05:00  INFO 9640 --- [main] org.hibernate.cfg.Environment            : HHH000406: Using bytecode reflection optimizer
2023-08-15T15:21:00.829+05:00  INFO 9640 --- [main] o.h.b.i.BytecodeProviderInitiator        : HHH000021: Bytecode provider name : bytebuddy
2023-08-15T15:21:00.963+05:00  INFO 9640 --- [main] o.s.o.j.p.SpringPersistenceUnitInfo      : No LoadTimeWeaver setup: ignoring JPA class transformer
2023-08-15T15:21:00.978+05:00  INFO 9640 --- [main] com.zaxxer.hikari.HikariDataSource       : HikariPool-1 - Starting...
2023-08-15T15:21:01.128+05:00  INFO 9640 --- [main] com.zaxxer.hikari.pool.HikariPool        : HikariPool-1 - Added connection org.postgresql.jdbc.PgConnection@2864f887
2023-08-15T15:21:01.130+05:00  INFO 9640 --- [main] com.zaxxer.hikari.HikariDataSource       : HikariPool-1 - Start completed.
2023-08-15T15:21:01.472+05:00  INFO 9640 --- [main] o.h.b.i.BytecodeProviderInitiator        : HHH000021: Bytecode provider name : bytebuddy
2023-08-15T15:21:02.385+05:00  INFO 9640 --- [main] o.h.e.t.j.p.i.JtaPlatformInitiator       : HHH000490: Using JtaPlatform implementation: [org.hibernate.engine.transaction.jta.platform.internal.NoJtaPlatform]
2023-08-15T15:21:02.636+05:00  INFO 9640 --- [main] j.LocalContainerEntityManagerFactoryBean : Initialized JPA EntityManagerFactory for persistence unit 'default'
2023-08-15T15:21:02.864+05:00  INFO 9640 --- [main] o.s.d.j.r.query.QueryEnhancerFactory     : Hibernate is in classpath; If applicable, HQL parser will be used.
2023-08-15T15:21:03.223+05:00 DEBUG 9640 --- [main] com.example.config.JWTTokenFilter        : Filter 'JWTTokenFilter' configured for use
2023-08-15T15:21:03.866+05:00  WARN 9640 --- [main] JpaBaseConfiguration$JpaWebConfiguration : spring.jpa.open-in-view is enabled by default. Therefore, database queries may be performed during view rendering. Explicitly configure spring.jpa.open-in-view to disable this warning
2023-08-15T15:21:04.253+05:00  INFO 9640 --- [main] o.s.s.web.DefaultSecurityFilterChain     : Will secure any request with [org.springframework.security.web.session.DisableEncodeUrlFilter@281f2d6c, org.springframework.security.web.context.request.async.WebAsyncManagerIntegrationFilter@64e6f678, org.springframework.security.web.context.SecurityContextHolderFilter@799bb4ed, org.springframework.security.web.header.HeaderWriterFilter@5a1e28ee, org.springframework.security.web.authentication.logout.LogoutFilter@27d38370, com.example.config.JWTTokenFilter@490dfe25, org.springframework.security.web.savedrequest.RequestCacheAwareFilter@7dcd8e74, org.springframework.security.web.servletapi.SecurityContextHolderAwareRequestFilter@6a7c0932, org.springframework.security.web.authentication.AnonymousAuthenticationFilter@2c5157c9, org.springframework.security.web.access.ExceptionTranslationFilter@27f7db5a, org.springframework.security.web.access.intercept.AuthorizationFilter@18ea9bec]
2023-08-15T15:21:04.534+05:00  INFO 9640 --- [main] o.s.b.w.embedded.tomcat.TomcatWebServer  : Tomcat started on port(s): 8080 (http) with context path ''
2023-08-15T15:21:04.544+05:00  INFO 9640 --- [main] com.example.KunUzApplication             : Started KunUzApplication in 5.934 seconds (process running for 6.527)
2023-08-15T15:21:09.646+05:00  INFO 9640 --- [http-nio-8080-exec-1] o.a.c.c.C.[Tomcat].[localhost].[/]       : Initializing Spring DispatcherServlet 'dispatcherServlet'
2023-08-15T15:21:09.646+05:00  INFO 9640 --- [http-nio-8080-exec-1] o.s.web.servlet.DispatcherServlet        : Initializing Servlet 'dispatcherServlet'
2023-08-15T15:21:09.647+05:00  INFO 9640 --- [http-nio-8080-exec-1] o.s.web.servlet.DispatcherServlet        : Completed initialization in 1 ms
2023-08-15T15:21:09.779+05:00  INFO 9640 --- [http-nio-8080-exec-1] com.example.controller.AuthController    : Logging info
2023-08-15T15:21:09.860+05:00  WARN 9640 --- [http-nio-8080-exec-1] com.example.service.AuthService          : profile not found +998900102035
2023-08-15T15:46:11.315+05:00  INFO 9640 --- [SpringApplicationShutdownHook] j.LocalContainerEntityManagerFactoryBean : Closing JPA EntityManagerFactory for persistence unit 'default'
2023-08-15T15:46:11.317+05:00  INFO 9640 --- [SpringApplicationShutdownHook] com.zaxxer.hikari.HikariDataSource       : HikariPool-1 - Shutdown initiated...
2023-08-15T15:46:11.320+05:00  INFO 9640 --- [SpringApplicationShutdownHook] com.zaxxer.hikari.HikariDataSource       : HikariPool-1 - Shutdown completed.
