2023-08-16T17:23:42.027+05:00  INFO 7660 --- [main] com.example.KunUzApplicationTests        : Starting KunUzApplicationTests using Java 18.0.1.1 with PID 7660 (started by sanja in D:\PROGRAMMING\1STAGE\OOpjava\kunUzProject\kun_uz)
2023-08-16T17:23:42.032+05:00 DEBUG 7660 --- [main] com.example.KunUzApplicationTests        : Running with Spring Boot v3.1.1, Spring v6.0.10
2023-08-16T17:23:42.033+05:00  INFO 7660 --- [main] com.example.KunUzApplicationTests        : The following 1 profile is active: "local"
2023-08-16T17:23:43.306+05:00  INFO 7660 --- [main] .s.d.r.c.RepositoryConfigurationDelegate : Bootstrapping Spring Data JPA repositories in DEFAULT mode.
2023-08-16T17:23:43.451+05:00  INFO 7660 --- [main] .s.d.r.c.RepositoryConfigurationDelegate : Finished Spring Data repository scanning in 134 ms. Found 15 JPA repository interfaces.
2023-08-16T17:23:44.125+05:00  INFO 7660 --- [main] o.hibernate.jpa.internal.util.LogHelper  : HHH000204: Processing PersistenceUnitInfo [name: default]
2023-08-16T17:23:44.227+05:00  INFO 7660 --- [main] org.hibernate.Version                    : HHH000412: Hibernate ORM core version 6.2.5.Final
2023-08-16T17:23:44.233+05:00  INFO 7660 --- [main] org.hibernate.cfg.Environment            : HHH000406: Using bytecode reflection optimizer
2023-08-16T17:23:44.527+05:00  INFO 7660 --- [main] o.h.b.i.BytecodeProviderInitiator        : HHH000021: Bytecode provider name : bytebuddy
2023-08-16T17:23:44.684+05:00  INFO 7660 --- [main] o.s.o.j.p.SpringPersistenceUnitInfo      : No LoadTimeWeaver setup: ignoring JPA class transformer
2023-08-16T17:23:44.707+05:00  INFO 7660 --- [main] com.zaxxer.hikari.HikariDataSource       : HikariPool-1 - Starting...
2023-08-16T17:23:44.949+05:00  INFO 7660 --- [main] com.zaxxer.hikari.pool.HikariPool        : HikariPool-1 - Added connection org.postgresql.jdbc.PgConnection@356b6b5d
2023-08-16T17:23:44.954+05:00  INFO 7660 --- [main] com.zaxxer.hikari.HikariDataSource       : HikariPool-1 - Start completed.
2023-08-16T17:23:45.658+05:00  INFO 7660 --- [main] o.h.b.i.BytecodeProviderInitiator        : HHH000021: Bytecode provider name : bytebuddy
2023-08-16T17:23:46.703+05:00  INFO 7660 --- [main] o.h.e.t.j.p.i.JtaPlatformInitiator       : HHH000490: Using JtaPlatform implementation: [org.hibernate.engine.transaction.jta.platform.internal.NoJtaPlatform]
2023-08-16T17:23:47.124+05:00  INFO 7660 --- [main] j.LocalContainerEntityManagerFactoryBean : Initialized JPA EntityManagerFactory for persistence unit 'default'
2023-08-16T17:23:47.970+05:00  INFO 7660 --- [main] o.s.d.j.r.query.QueryEnhancerFactory     : Hibernate is in classpath; If applicable, HQL parser will be used.
2023-08-16T17:23:50.225+05:00  WARN 7660 --- [main] JpaBaseConfiguration$JpaWebConfiguration : spring.jpa.open-in-view is enabled by default. Therefore, database queries may be performed during view rendering. Explicitly configure spring.jpa.open-in-view to disable this warning
2023-08-16T17:23:50.658+05:00  INFO 7660 --- [main] o.s.s.web.DefaultSecurityFilterChain     : Will secure any request with [org.springframework.security.web.session.DisableEncodeUrlFilter@67253518, org.springframework.security.web.context.request.async.WebAsyncManagerIntegrationFilter@2db55dec, org.springframework.security.web.context.SecurityContextHolderFilter@7b6824db, org.springframework.security.web.header.HeaderWriterFilter@635900ef, org.springframework.security.web.authentication.logout.LogoutFilter@5808573f, com.example.config.JWTTokenFilter@67e12e28, org.springframework.security.web.savedrequest.RequestCacheAwareFilter@5a6dd1e7, org.springframework.security.web.servletapi.SecurityContextHolderAwareRequestFilter@4fd9deed, org.springframework.security.web.authentication.AnonymousAuthenticationFilter@3637e628, org.springframework.security.web.access.ExceptionTranslationFilter@7f4f432b, org.springframework.security.web.access.intercept.AuthorizationFilter@14abde3e]
2023-08-16T17:23:51.087+05:00  INFO 7660 --- [main] com.example.KunUzApplicationTests        : Started KunUzApplicationTests in 9.509 seconds (process running for 11.037)
2023-08-16T17:23:51.739+05:00  INFO 7660 --- [SpringApplicationShutdownHook] j.LocalContainerEntityManagerFactoryBean : Closing JPA EntityManagerFactory for persistence unit 'default'
2023-08-16T17:23:51.742+05:00  INFO 7660 --- [SpringApplicationShutdownHook] com.zaxxer.hikari.HikariDataSource       : HikariPool-1 - Shutdown initiated...
2023-08-16T17:23:51.752+05:00  INFO 7660 --- [SpringApplicationShutdownHook] com.zaxxer.hikari.HikariDataSource       : HikariPool-1 - Shutdown completed.
